2025/12/18 09:20:19| Processing Configuration File: /etc/squid/squid.conf (depth 0)
2025/12/18 09:20:19| Processing Configuration File: /etc/squid/conf.d/debian.conf (depth 1)
2025/12/18 09:20:19| Created PID file (/run/squid.pid)
2025/12/18 09:20:19| Set Current Directory to /var/spool/squid
2025/12/18 09:20:19| Starting Squid Cache version 6.13 for x86_64-pc-linux-gnu...
2025/12/18 09:20:19| Service Name: squid
2025/12/18 09:20:19| Process ID 1
2025/12/18 09:20:19| Process Roles: master worker
2025/12/18 09:20:19| With 1048576 file descriptors available
2025/12/18 09:20:19| Initializing IP Cache...
2025/12/18 09:20:19| DNS IPv6 socket created at [::], FD 8
2025/12/18 09:20:19| DNS IPv4 socket created at 0.0.0.0, FD 9
2025/12/18 09:20:19| Adding nameserver 127.0.0.11 from /etc/resolv.conf
2025/12/18 09:20:19| Adding ndots 1 from /etc/resolv.conf
2025/12/18 09:20:19| Logfile: opening log daemon:/var/log/squid/access.log
2025/12/18 09:20:19| Logfile Daemon: opening log /var/log/squid/access.log
2025/12/18 09:20:19| Local cache digest enabled; rebuild/rewrite every 3600/3600 sec
2025/12/18 09:20:19| Store logging disabled
2025/12/18 09:20:19| Swap maxSize 0 + 262144 KB, estimated 20164 objects
2025/12/18 09:20:19| Target number of buckets: 1008
2025/12/18 09:20:19| Using 8192 Store buckets
2025/12/18 09:20:19| Max Mem  size: 262144 KB
2025/12/18 09:20:19| Max Swap size: 0 KB
2025/12/18 09:20:19| Using Least Load store dir selection
2025/12/18 09:20:19| Set Current Directory to /var/spool/squid
2025/12/18 09:20:19| Finished loading MIME types and icons.
2025/12/18 09:20:19| HTCP Disabled.
2025/12/18 09:20:19| Pinger socket opened on FD 14
2025/12/18 09:20:19| Squid plugin modules loaded: 0
2025/12/18 09:20:19| Adaptation support is off.
2025/12/18 09:20:19| Accepting HTTP Socket connections at conn3 local=[::]:3128 remote=[::] FD 12 flags=9
    listening port: 3128
2025/12/18 09:20:20 pinger| Initialising ICMP pinger ...
2025/12/18 09:20:20 pinger| ICMP socket opened.
2025/12/18 09:20:20 pinger| ICMPv6 socket opened
2025/12/18 09:20:20| storeLateRelease: released 0 objects
2025/12/18 09:23:22| Preparing for shutdown after 0 requests
2025/12/18 09:23:23| Waiting 30 seconds for active connections to finish
2025/12/18 09:23:23| Closing HTTP(S) port [::]:3128
    listening port: 3128
2025/12/18 09:23:23| Closing Pinger socket on FD 14
2025/12/18 09:26:21| Processing Configuration File: /etc/squid/squid.conf (depth 0)
2025/12/18 09:26:21| Processing Configuration File: /etc/squid/conf.d/debian.conf (depth 1)
2025/12/18 09:26:21| Created PID file (/run/squid.pid)
2025/12/18 09:26:21| Set Current Directory to /var/spool/squid
2025/12/18 09:26:21| Starting Squid Cache version 6.13 for x86_64-pc-linux-gnu...
2025/12/18 09:26:21| Service Name: squid
2025/12/18 09:26:21| Process ID 1
2025/12/18 09:26:21| Process Roles: master worker
2025/12/18 09:26:21| With 1048576 file descriptors available
2025/12/18 09:26:21| Initializing IP Cache...
2025/12/18 09:26:21| DNS IPv6 socket created at [::], FD 8
2025/12/18 09:26:21| DNS IPv4 socket created at 0.0.0.0, FD 9
2025/12/18 09:26:21| Adding nameserver 127.0.0.11 from /etc/resolv.conf
2025/12/18 09:26:21| Adding ndots 1 from /etc/resolv.conf
2025/12/18 09:26:21| Logfile: opening log daemon:/var/log/squid/access.log
2025/12/18 09:26:21| Logfile Daemon: opening log /var/log/squid/access.log
2025/12/18 09:26:21| Local cache digest enabled; rebuild/rewrite every 3600/3600 sec
2025/12/18 09:26:21| Store logging disabled
2025/12/18 09:26:21| Swap maxSize 0 + 262144 KB, estimated 20164 objects
2025/12/18 09:26:21| Target number of buckets: 1008
2025/12/18 09:26:21| Using 8192 Store buckets
2025/12/18 09:26:21| Max Mem  size: 262144 KB
2025/12/18 09:26:21| Max Swap size: 0 KB
2025/12/18 09:26:21| Using Least Load store dir selection
2025/12/18 09:26:21| Set Current Directory to /var/spool/squid
2025/12/18 09:26:21| Finished loading MIME types and icons.
2025/12/18 09:26:21| HTCP Disabled.
2025/12/18 09:26:21| Pinger socket opened on FD 14
2025/12/18 09:26:21| Squid plugin modules loaded: 0
2025/12/18 09:26:21| Adaptation support is off.
2025/12/18 09:26:21| Accepting HTTP Socket connections at conn3 local=[::]:3128 remote=[::] FD 12 flags=9
    listening port: 3128
2025/12/18 09:26:21 pinger| Initialising ICMP pinger ...
2025/12/18 09:26:21 pinger| ICMP socket opened.
2025/12/18 09:26:21 pinger| ICMPv6 socket opened
2025/12/18 09:26:22| storeLateRelease: released 0 objects
2025/12/18 10:13:26| Preparing for shutdown after 537 requests
2025/12/18 10:13:26| Waiting 30 seconds for active connections to finish
2025/12/18 10:13:26| Closing HTTP(S) port [::]:3128
    listening port: 3128
2025/12/18 10:13:26| Closing Pinger socket on FD 14
2025/12/22 00:54:22| Processing Configuration File: /etc/squid/squid.conf (depth 0)
2025/12/22 00:54:22| Processing Configuration File: /etc/squid/conf.d/debian.conf (depth 1)
2025/12/22 00:54:22| Created PID file (/run/squid.pid)
2025/12/22 00:54:22| Set Current Directory to /var/spool/squid
2025/12/22 00:54:22| Starting Squid Cache version 6.13 for x86_64-pc-linux-gnu...
2025/12/22 00:54:22| Service Name: squid
2025/12/22 00:54:22| Process ID 1
2025/12/22 00:54:22| Process Roles: master worker
2025/12/22 00:54:22| With 1048576 file descriptors available
2025/12/22 00:54:22| Initializing IP Cache...
2025/12/22 00:54:22| DNS IPv6 socket created at [::], FD 8
2025/12/22 00:54:22| DNS IPv4 socket created at 0.0.0.0, FD 9
2025/12/22 00:54:22| Adding nameserver 127.0.0.11 from /etc/resolv.conf
2025/12/22 00:54:22| Adding ndots 1 from /etc/resolv.conf
2025/12/22 00:54:22| Logfile: opening log daemon:/var/log/squid/access.log
2025/12/22 00:54:22| Logfile Daemon: opening log /var/log/squid/access.log
2025/12/22 00:54:22| Local cache digest enabled; rebuild/rewrite every 3600/3600 sec
2025/12/22 00:54:22| Store logging disabled
2025/12/22 00:54:22| Swap maxSize 0 + 262144 KB, estimated 20164 objects
2025/12/22 00:54:22| Target number of buckets: 1008
2025/12/22 00:54:22| Using 8192 Store buckets
2025/12/22 00:54:22| Max Mem  size: 262144 KB
2025/12/22 00:54:22| Max Swap size: 0 KB
2025/12/22 00:54:22| Using Least Load store dir selection
2025/12/22 00:54:22| Set Current Directory to /var/spool/squid
2025/12/22 00:54:22| Finished loading MIME types and icons.
2025/12/22 00:54:22| HTCP Disabled.
2025/12/22 00:54:22| Pinger socket opened on FD 14
2025/12/22 00:54:22| Squid plugin modules loaded: 0
2025/12/22 00:54:22| Adaptation support is off.
2025/12/22 00:54:22| Accepting HTTP Socket connections at conn3 local=[::]:3128 remote=[::] FD 12 flags=9
    listening port: 3128
2025/12/22 00:54:22 pinger| Initialising ICMP pinger ...
2025/12/22 00:54:22 pinger| ICMP socket opened.
2025/12/22 00:54:22 pinger| ICMPv6 socket opened
2025/12/22 00:54:23| storeLateRelease: released 0 objects
2025/12/22 01:47:12| Logfile: opening log stdio:/var/spool/squid/netdb.state
2025/12/22 01:47:12| Logfile: closing log stdio:/var/spool/squid/netdb.state
2025/12/22 01:47:12| NETDB state saved; 0 entries, 3 msec
2025/12/22 02:50:18| Logfile: opening log stdio:/var/spool/squid/netdb.state
2025/12/22 02:50:18| Logfile: closing log stdio:/var/spool/squid/netdb.state
2025/12/22 02:50:18| NETDB state saved; 0 entries, 3 msec
2025/12/22 03:31:15| Logfile: opening log stdio:/var/spool/squid/netdb.state
2025/12/22 03:31:15| Logfile: closing log stdio:/var/spool/squid/netdb.state
2025/12/22 03:31:15| NETDB state saved; 0 entries, 2 msec
2025/12/22 04:16:07| Logfile: opening log stdio:/var/spool/squid/netdb.state
2025/12/22 04:16:07| Logfile: closing log stdio:/var/spool/squid/netdb.state
2025/12/22 04:16:07| NETDB state saved; 0 entries, 2 msec
2025/12/22 04:44:54| Preparing for shutdown after 0 requests
2025/12/22 04:44:54| Waiting 30 seconds for active connections to finish
2025/12/22 04:44:54| Closing HTTP(S) port [::]:3128
    listening port: 3128
2025/12/22 04:44:54| Closing Pinger socket on FD 14
